#
# A fatal error has been detected by the Java Runtime Environment:
#
#  EXCEPTION_ACCESS_VIOLATION (0xc0000005) at pc=0x00007ff9513121a8, pid=15068, tid=17164
#
# JRE version: OpenJDK Runtime Environment Temurin-17.0.10+7 (17.0.10+7) (build 17.0.10+7)
# Java VM: OpenJDK 64-Bit Server VM Temurin-17.0.10+7 (17.0.10+7, mixed mode, emulated-client, tiered, compressed oops, compressed class ptrs, g1 gc, windows-amd64)
# Problematic frame:
# V  [jvm.dll+0x65c8d0]
#
# No core dump will be written. Minidumps are not enabled by default on client versions of Windows
#
# If you would like to submit a bug report, please visit:
#   https://github.com/adoptium/adoptium-support/issues
#

---------------  S U M M A R Y ------------

Command Line: -Xmx1024m -Dsts.lsp.client=vscode -Dsts.log.file=/dev/null -XX:TieredStopAtLevel=1 -Xlog:jni+resolve=off -Dspring.config.location=file:c:\Users\MISA\.vscode\extensions\vmware.vscode-spring-boot-1.54.0\language-server\BOOT-INF\classes\application.properties org.springframework.ide.vscode.boot.app.BootLanguageServerBootApp

Host: 11th Gen Intel(R) Core(TM) i7-1185G7 @ 3.00GHz, 8 cores, 31G,  Windows 11 , 64 bit Build 22621 (10.0.22621.3374)
Time: Mon May 13 17:08:39 2024 Afrique de l, 64 bit Build 22621 (10.0.22621.3374) elapsed time: 13836.786448 seconds (0d 3h 50m 36s)

---------------  T H R E A D  ---------------

Current thread (0x00000298d8372370):  WatcherThread [stack: 0x000000f2aa700000,0x000000f2aa800000] [id=17164]

Stack: [0x000000f2aa700000,0x000000f2aa800000],  sp=0x000000f2aa7ffb50,  free space=1022k
Native frames: (J=compiled Java code, j=interpreted, Vv=VM code, C=native code)
C  0x00007ff9513121a8


siginfo: EXCEPTION_ACCESS_VIOLATION (0xc0000005), data execution prevention violation at address 0x00007ff9513121a8


Registers:
RAX=0x00000000ffffff01, RBX=0x0000000000000032, RCX=0x0000000000000000, RDX=0x0000000000000000
RSP=0x000000f2aa7ffb48, RBP=0x0000000000000001, RSI=0x00000298cd236050, RDI=0x000000000000003e
R8 =0x00000000000005b4, R9 =0x0000000000000008, R10=0x0000000000000003, R11=0x0000000000000020
R12=0x0000000000000002, R13=0x431bde82d7b634db, R14=0x000057fb76731238, R15=0x00000298d834c820
RIP=0x00007ff9513121a8, EFLAGS=0x0000000000010202


Register to memory mapping:

RIP=0x00007ff9513121a8 is an unknown value
RAX=0x00000000ffffff01 is an unallocated location in the heap
RBX=0x0000000000000032 is an unknown value
RCX=0x0 is NULL
RDX=0x0 is NULL
RSP=0x000000f2aa7ffb48 points into unknown readable memory: 0x00007ff93aa6c8d0 | d0 c8 a6 3a f9 7f 00 00
RBP=0x0000000000000001 is an unknown value
RSI=0x00000298cd236050 points into unknown readable memory: 0x00000298d8372370 | 70 23 37 d8 98 02 00 00
RDI=0x000000000000003e is an unknown value
R8 =0x00000000000005b4 is an unknown value
R9 =0x0000000000000008 is an unknown value
R10=0x0000000000000003 is an unknown value
R11=0x0000000000000020 is an unknown value
R12=0x0000000000000002 is an unknown value
R13=0x431bde82d7b634db is an unknown value
R14=0x000057fb76731238 is an unknown value
R15=0x00000298d834c820 points into unknown readable memory: 0x0000000000000000 | 00 00 00 00 00 00 00 00


Top of Stack: (sp=0x000000f2aa7ffb48)
0x000000f2aa7ffb48:   00007ff93aa6c8d0 0000000000000032
0x000000f2aa7ffb58:   00000298cd236050 0000000000000032
0x000000f2aa7ffb68:   00000298cd236050 00000298d8372370
0x000000f2aa7ffb78:   00007ff93aa8bbed 00000298d8372370
0x000000f2aa7ffb88:   0000000000000000 0000000000000000
0x000000f2aa7ffb98:   000001a6205d0000 00000298d834d9a0
0x000000f2aa7ffba8:   00007ff900000018 00000298d8372370
0x000000f2aa7ffbb8:   0000000000000000 0000000000000000
0x000000f2aa7ffbc8:   0000000000000000 00000298d8372370
0x000000f2aa7ffbd8:   00007ff93abf3fba 00000298d8372370
0x000000f2aa7ffbe8:   00000000000075a3 0000000000000000
0x000000f2aa7ffbf8:   0000000000000000 0000000000000000
0x000000f2aa7ffc08:   0000000000000000 0000000000000000
0x000000f2aa7ffc18:   00007ff93aa8c1b5 00000298d8372370
0x000000f2aa7ffc28:   0000000000000000 0000000000000000
0x000000f2aa7ffc38:   00000298d81f7c60 000000f2aa7fe640
0x000000f2aa7ffc48:   0000000000000000 0000000000000000
0x000000f2aa7ffc58:   00007ff9aff89333 00000298d8372370
0x000000f2aa7ffc68:   00000000000075a3 00000298d8342db0
0x000000f2aa7ffc78:   0000000000000000 0000000000000000
0x000000f2aa7ffc88:   00007ff9b12b257d 0000000000000000
0x000000f2aa7ffc98:   0000000000000000 0000000000000000
0x000000f2aa7ffca8:   0000000000000000 0000000000000000
0x000000f2aa7ffcb8:   00007ff9b262aa48 0000000000000000
0x000000f2aa7ffcc8:   0000000000000000 0000000000000000
0x000000f2aa7ffcd8:   0000000000000000 0000000000000000
0x000000f2aa7ffce8:   0000000000000000 0000000000000000
0x000000f2aa7ffcf8:   0000000000000000 000004f0fffffb30
0x000000f2aa7ffd08:   000004d0fffffb30 0000000000000021
0x000000f2aa7ffd18:   0000000000000000 0000000000000000
0x000000f2aa7ffd28:   0000000000000000 0000000000000000
0x000000f2aa7ffd38:   0000000000000000 0000000000000000 

Instructions: (pc=0x00007ff93aa6c8d0)
0x00007ff93aa6c7d0:   18 48 8b 05 10 ca 53 00 48 89 87 88 02 00 00 48
0x00007ff93aa6c7e0:   89 3d 02 ca 53 00 48 85 db 74 08 48 8b cb e8 7d
0x00007ff93aa6c7f0:   13 ff ff 48 8b 07 48 8b cf ff 90 b0 00 00 00 48
0x00007ff93aa6c800:   8b c8 48 8b 5c 24 30 48 83 c4 20 5f e9 ff f2 01
0x00007ff93aa6c810:   00 cc cc cc cc cc cc cc cc cc cc cc cc cc cc cc
0x00007ff93aa6c820:   48 89 4c 24 08 53 55 56 41 55 41 56 48 83 ec 60
0x00007ff93aa6c830:   4c 8b e9 48 89 bc 24 98 00 00 00 33 c9 33 d2 e8
0x00007ff93aa6c840:   5c 0a db ff 4c 89 a4 24 a0 00 00 00 49 89 85 d8
0x00007ff93aa6c850:   00 00 00 4c 89 bc 24 a8 00 00 00 0f 1f 44 00 00
0x00007ff93aa6c860:   48 8b 35 79 c3 53 00 48 85 f6 74 08 48 8b ce e8
0x00007ff93aa6c870:   4c 11 ff ff 0f b6 05 66 c9 53 00 84 c0 74 14 48
0x00007ff93aa6c880:   85 f6 74 08 48 8b ce e8 e4 12 ff ff 33 ff e9 a2
0x00007ff93aa6c890:   00 00 00 e8 a8 b5 15 00 4d 8b bd 30 02 00 00 8b
0x00007ff93aa6c8a0:   d8 45 8b 67 10 41 c7 47 10 04 00 00 00 e8 2e bf
0x00007ff93aa6c8b0:   01 00 4c 8b f0 49 bd db 34 b6 d7 82 de 1b 43 90
0x00007ff93aa6c8c0:   48 63 d3 48 8b ce e8 75 14 ff ff 0f b6 e8 e8 0d
0x00007ff93aa6c8d0:   bf 01 00 48 8b c8 85 db 75 07 33 ff 4c 8b f0 eb
0x00007ff93aa6c8e0:   1a 49 2b ce 49 8b c5 48 f7 e9 48 8b fa 48 c1 ff
0x00007ff93aa6c8f0:   12 48 8b c7 48 c1 e8 3f 48 03 f8 40 84 ed 75 1c
0x00007ff93aa6c900:   0f b6 05 da c8 53 00 84 c0 75 11 e8 30 b5 15 00
0x00007ff93aa6c910:   8b d8 85 c0 74 aa 2b df 85 db 7f a4 4c 8b ac 24
0x00007ff93aa6c920:   90 00 00 00 45 89 67 10 48 85 f6 74 08 48 8b ce
0x00007ff93aa6c930:   e8 3b 12 ff ff e8 26 69 1d 00 84 c0 0f 85 80 00
0x00007ff93aa6c940:   00 00 0f b6 05 98 c8 53 00 84 c0 75 0c 8b cf e8
0x00007ff93aa6c950:   0c b4 15 00 e9 07 ff ff ff 48 8b 1d d0 c1 53 00
0x00007ff93aa6c960:   48 8b bc 24 98 00 00 00 48 8b cb 48 85 db 74 40
0x00007ff93aa6c970:   e8 4b 10 ff ff 48 8b 0d b4 c1 53 00 48 c7 05 51
0x00007ff93aa6c980:   c8 53 00 00 00 00 00 e8 a4 10 ff ff 48 8b cb e8
0x00007ff93aa6c990:   dc 11 ff ff 4c 8b bc 24 a8 00 00 00 4c 8b a4 24
0x00007ff93aa6c9a0:   a0 00 00 00 48 83 c4 60 41 5e 41 5d 5e 5d 5b c3
0x00007ff93aa6c9b0:   48 c7 05 1d c8 53 00 00 00 00 00 e8 70 10 ff ff
0x00007ff93aa6c9c0:   eb d2 48 8d 3d a7 7b 34 00 0f 1f 80 00 00 00 00 


Stack slot to memory mapping:
stack at sp + 0 slots: 0x0000000000000032 is an unknown value
stack at sp + 1 slots: 0x00000298cd236050 points into unknown readable memory: 0x00000298d8372370 | 70 23 37 d8 98 02 00 00
stack at sp + 2 slots: 0x0000000000000032 is an unknown value
stack at sp + 3 slots: 0x00000298cd236050 points into unknown readable memory: 0x00000298d8372370 | 70 23 37 d8 98 02 00 00
stack at sp + 4 slots: 0x00000298d8372370 points into unknown readable memory: 0x00007ff93adb4778 | 78 47 db 3a f9 7f 00 00
stack at sp + 5 slots: 0x00007ff93aa8bbed jvm.dll
stack at sp + 6 slots: 0x00000298d8372370 points into unknown readable memory: 0x00007ff93adb4778 | 78 47 db 3a f9 7f 00 00
stack at sp + 7 slots: 0x0 is NULL


---------------  P R O C E S S  ---------------

Threads class SMR info:
_java_thread_list=0x00000298debfbf30, length=40, elements={
0x00000298d8122380, 0x00000298d8122e50, 0x00000298d815b130, 0x00000298d815bc00,
0x00000298d815e4e0, 0x00000298d8160dc0, 0x00000298d8161740, 0x00000298d8164060,
0x00000298d8371e90, 0x00000298d836dd20, 0x00000298ddc88040, 0x00000298dd086830,
0x00000298ddcea300, 0x00000298cd2383f0, 0x00000298d8ce6530, 0x00000298d8c1b570,
0x00000298ddd12c30, 0x00000298ddd11d00, 0x00000298ddd13140, 0x00000298ddd103b0,
0x00000298ddd10dd0, 0x00000298ddd117f0, 0x00000298ddd9a2f0, 0x00000298ddd97560,
0x00000298ddd947d0, 0x00000298ddd96120, 0x00000298ddd99de0, 0x00000298ddd9a800,
0x00000298ddd97050, 0x00000298ddd97f80, 0x00000298ddd9b220, 0x00000298ddd97a70,
0x00000298ddd998d0, 0x00000298ddd942c0, 0x00000298ddd94ce0, 0x00000298ddd12720,
0x00000298ddd951f0, 0x00000298ddd108c0, 0x00000298ddd12210, 0x00000298ddd9ad10
}

Java Threads: ( => current thread )
  0x00000298d8122380 JavaThread "Reference Handler" daemon [_thread_blocked, id=21600, stack(0x000000f2a9b00000,0x000000f2a9c00000)]
  0x00000298d8122e50 JavaThread "Finalizer" daemon [_thread_blocked, id=9888, stack(0x000000f2a9c00000,0x000000f2a9d00000)]
  0x00000298d815b130 JavaThread "Signal Dispatcher" daemon [_thread_blocked, id=19080, stack(0x000000f2a9d00000,0x000000f2a9e00000)]
  0x00000298d815bc00 JavaThread "Attach Listener" daemon [_thread_blocked, id=21296, stack(0x000000f2a9e00000,0x000000f2a9f00000)]
  0x00000298d815e4e0 JavaThread "Service Thread" daemon [_thread_blocked, id=5176, stack(0x000000f2a9f00000,0x000000f2aa000000)]
  0x00000298d8160dc0 JavaThread "Monitor Deflation Thread" daemon [_thread_blocked, id=14132, stack(0x000000f2aa000000,0x000000f2aa100000)]
  0x00000298d8161740 JavaThread "C1 CompilerThread0" daemon [_thread_blocked, id=6748, stack(0x000000f2aa100000,0x000000f2aa200000)]
  0x00000298d8164060 JavaThread "Sweeper thread" daemon [_thread_blocked, id=676, stack(0x000000f2aa200000,0x000000f2aa300000)]
  0x00000298d8371e90 JavaThread "Notification Thread" daemon [_thread_blocked, id=20140, stack(0x000000f2aa600000,0x000000f2aa700000)]
  0x00000298d836dd20 JavaThread "Common-Cleaner" daemon [_thread_blocked, id=13408, stack(0x000000f2aa800000,0x000000f2aa900000)]
  0x00000298ddc88040 JavaThread "boundedElastic-evictor-1" daemon [_thread_blocked, id=20744, stack(0x000000f2aaf00000,0x000000f2ab000000)]
  0x00000298dd086830 JavaThread "pool-13-thread-1" [_thread_blocked, id=13028, stack(0x000000f2ab200000,0x000000f2ab300000)]
  0x00000298ddcea300 JavaThread "LanguageServerApp-lifecycle" [_thread_blocked, id=22076, stack(0x000000f2ab300000,0x000000f2ab400000)]
  0x00000298cd2383f0 JavaThread "DestroyJavaVM" [_thread_blocked, id=3808, stack(0x000000f2a9400000,0x000000f2a9500000)]
  0x00000298d8ce6530 JavaThread "pool-14-thread-1" [_thread_in_native, id=19884, stack(0x000000f2ab400000,0x000000f2ab500000)]
  0x00000298d8c1b570 JavaThread "Simple-Language-Server main thread" daemon [_thread_blocked, id=9864, stack(0x000000f2ab500000,0x000000f2ab600000)]
  0x00000298ddd12c30 JavaThread "parallel-1" daemon [_thread_blocked, id=10224, stack(0x000000f2ab900000,0x000000f2aba00000)]
  0x00000298ddd11d00 JavaThread "pool-6-thread-1" [_thread_blocked, id=20284, stack(0x000000f2aba00000,0x000000f2abb00000)]
  0x00000298ddd13140 JavaThread "parallel-2" daemon [_thread_blocked, id=17864, stack(0x000000f2abb00000,0x000000f2abc00000)]
  0x00000298ddd103b0 JavaThread "pool-8-thread-1" [_thread_blocked, id=17300, stack(0x000000f2aa300000,0x000000f2aa400000)]
  0x00000298ddd10dd0 JavaThread "parallel-3" daemon [_thread_blocked, id=21360, stack(0x000000f2aae00000,0x000000f2aaf00000)]
  0x00000298ddd117f0 JavaThread "Reconciler-1" daemon [_thread_blocked, id=9040, stack(0x000000f2ac100000,0x000000f2ac200000)]
  0x00000298ddd9a2f0 JavaThread "parallel-4" daemon [_thread_blocked, id=18684, stack(0x000000f2ac200000,0x000000f2ac300000)]
  0x00000298ddd97560 JavaThread "parallel-5" daemon [_thread_blocked, id=8656, stack(0x000000f2ac500000,0x000000f2ac600000)]
  0x00000298ddd947d0 JavaThread "parallel-6" daemon [_thread_blocked, id=4316, stack(0x000000f2abd00000,0x000000f2abe00000)]
  0x00000298ddd96120 JavaThread "parallel-7" daemon [_thread_blocked, id=7892, stack(0x000000f2a9100000,0x000000f2a9200000)]
  0x00000298ddd99de0 JavaThread "parallel-8" daemon [_thread_blocked, id=19732, stack(0x000000f2ab800000,0x000000f2ab900000)]
  0x00000298ddd9a800 JavaThread "CompletableFutureDelayScheduler" daemon [_thread_blocked, id=15964, stack(0x000000f2abe00000,0x000000f2abf00000)]
  0x00000298ddd97050 JavaThread "pool-7-thread-1" [_thread_blocked, id=17600, stack(0x000000f2a9300000,0x000000f2a9400000)]
  0x00000298ddd97f80 JavaThread "RMI Scheduler(0)" daemon [_thread_blocked, id=10624, stack(0x000000f2abf00000,0x000000f2ac000000)]
  0x00000298ddd9b220 JavaThread "pool-7-thread-2" [_thread_blocked, id=21836, stack(0x000000f2ac600000,0x000000f2ac700000)]
  0x00000298ddd97a70 JavaThread "pool-7-thread-3" [_thread_blocked, id=13608, stack(0x000000f2ac700000,0x000000f2ac800000)]
  0x00000298ddd998d0 JavaThread "pool-7-thread-4" [_thread_blocked, id=336, stack(0x000000f2ac800000,0x000000f2ac900000)]
  0x00000298ddd942c0 JavaThread "pool-7-thread-5" [_thread_blocked, id=17640, stack(0x000000f2aca00000,0x000000f2acb00000)]
  0x00000298ddd94ce0 JavaThread "pool-7-thread-6" [_thread_blocked, id=21708, stack(0x000000f2a9200000,0x000000f2a9300000)]
  0x00000298ddd12720 JavaThread "pool-3-thread-34" [_thread_blocked, id=1596, stack(0x000000f2abc00000,0x000000f2abd00000)]
  0x00000298ddd951f0 JavaThread "ForkJoinPool.commonPool-worker-31" daemon [_thread_blocked, id=19688, stack(0x000000f2ab600000,0x000000f2ab700000)]
  0x00000298ddd108c0 JavaThread "pool-4-thread-62" [_thread_blocked, id=21916, stack(0x000000f2ac300000,0x000000f2ac400000)]
  0x00000298ddd12210 JavaThread "pool-5-thread-113" [_thread_blocked, id=21720, stack(0x000000f2ac400000,0x000000f2ac500000)]
  0x00000298ddd9ad10 JavaThread "pool-5-thread-114" [_thread_blocked, id=10468, stack(0x000000f2ac900000,0x000000f2aca00000)]

Other Threads:
  0x00000298d810d8f0 VMThread "VM Thread" [stack: 0x000000f2a9a00000,0x000000f2a9b00000] [id=7424]
=>0x00000298d8372370 WatcherThread [stack: 0x000000f2aa700000,0x000000f2aa800000] [id=17164]
  0x00000298cd275700 GCTaskThread "GC Thread#0" [stack: 0x000000f2a9500000,0x000000f2a9600000] [id=14140]
  0x00000298d8320390 GCTaskThread "GC Thread#1" [stack: 0x000000f2aa400000,0x000000f2aa500000] [id=11576]
  0x00000298d8320a50 GCTaskThread "GC Thread#2" [stack: 0x000000f2aa500000,0x000000f2aa600000] [id=17316]
  0x00000298d8320d10 GCTaskThread "GC Thread#3" [stack: 0x000000f2aa900000,0x000000f2aaa00000] [id=14604]
  0x00000298d8320fd0 GCTaskThread "GC Thread#4" [stack: 0x000000f2aaa00000,0x000000f2aab00000] [id=10312]
  0x00000298d8321290 GCTaskThread "GC Thread#5" [stack: 0x000000f2aab00000,0x000000f2aac00000] [id=21484]
  0x00000298d8321550 GCTaskThread "GC Thread#6" [stack: 0x000000f2aac00000,0x000000f2aad00000] [id=6912]
  0x00000298d8321810 GCTaskThread "GC Thread#7" [stack: 0x000000f2aad00000,0x000000f2aae00000] [id=8272]
  0x00000298cd27e560 ConcurrentGCThread "G1 Main Marker" [stack: 0x000000f2a9600000,0x000000f2a9700000] [id=1456]
  0x00000298cd27ee90 ConcurrentGCThread "G1 Conc#0" [stack: 0x000000f2a9700000,0x000000f2a9800000] [id=20380]
  0x00000298dd59ad90 ConcurrentGCThread "G1 Conc#1" [stack: 0x000000f2ab100000,0x000000f2ab200000] [id=11340]
  0x00000298d7f74220 ConcurrentGCThread "G1 Refine#0" [stack: 0x000000f2a9800000,0x000000f2a9900000] [id=21792]
  0x00000298d7f74a60 ConcurrentGCThread "G1 Service" [stack: 0x000000f2a9900000,0x000000f2a9a00000] [id=19964]

Threads with active compile tasks:

VM state: not at safepoint (normal execution)

VM Mutex/Monitor currently owned by a thread:  ([mutex/lock_event])
[0x00000298cd236050] PeriodicTask_lock - owner thread: 0x00000298d8372370

Heap address: 0x00000000c0000000, size: 1024 MB, Compressed Oops mode: 32-bit

CDS archive(s) not mapped
Compressed class space mapped at: 0x0000000100000000-0x0000000140000000, reserved size: 1073741824
Narrow klass base: 0x0000000000000000, Narrow klass shift: 3, Narrow klass range: 0x140000000

GC Precious Log:
 CPUs: 8 total, 8 available
 Memory: 32467M
 Large Page Support: Disabled
 NUMA Support: Disabled
 Compressed Oops: Enabled (32-bit)
 Heap Region Size: 1M
 Heap Min Capacity: 8M
 Heap Initial Capacity: 508M
 Heap Max Capacity: 1G
 Pre-touch: Disabled
 Parallel Workers: 8
 Concurrent Workers: 2
 Concurrent Refinement Workers: 8
 Periodic GC: Disabled

Heap:
 garbage-first heap   total 109568K, used 74794K [0x00000000c0000000, 0x0000000100000000)
  region size 1024K, 19 young (19456K), 1 survivors (1024K)
 Metaspace       used 59248K, committed 59776K, reserved 1114112K
  class space    used 7469K, committed 7744K, reserved 1048576K

Heap Regions: E=young(eden), S=young(survivor), O=old, HS=humongous(starts), HC=humongous(continues), CS=collection set, F=free, OA=open archive, CA=closed archive, TAMS=top-at-mark-start (previous, next)
|   0|0x00000000c0000000, 0x00000000c0100000, 0x00000000c0100000|100%|HS|  |TAMS 0x00000000c0100000, 0x00000000c0000000| Untracked 
|   1|0x00000000c0100000, 0x00000000c0200000, 0x00000000c0200000|100%|HC|  |TAMS 0x00000000c0200000, 0x00000000c0100000| Untracked 
|   2|0x00000000c0200000, 0x00000000c0300000, 0x00000000c0300000|100%|HC|  |TAMS 0x00000000c0300000, 0x00000000c0200000| Untracked 
|   3|0x00000000c0300000, 0x00000000c0400000, 0x00000000c0400000|100%|HC|  |TAMS 0x00000000c0400000, 0x00000000c0300000| Untracked 
|   4|0x00000000c0400000, 0x00000000c0500000, 0x00000000c0500000|100%|HS|  |TAMS 0x00000000c0500000, 0x00000000c0400000| Untracked 
|   5|0x00000000c0500000, 0x00000000c0600000, 0x00000000c0600000|100%|HC|  |TAMS 0x00000000c0600000, 0x00000000c0500000| Untracked 
|   6|0x00000000c0600000, 0x00000000c0700000, 0x00000000c0700000|100%| O|  |TAMS 0x00000000c0700000, 0x00000000c0600000| Untracked 
|   7|0x00000000c0700000, 0x00000000c07ffe60, 0x00000000c0800000| 99%| O|  |TAMS 0x00000000c07ffe60, 0x00000000c0700000| Untracked 
|   8|0x00000000c0800000, 0x00000000c0900000, 0x00000000c0900000|100%| O|  |TAMS 0x00000000c0900000, 0x00000000c0800000| Untracked 
|   9|0x00000000c0900000, 0x00000000c09fffe8, 0x00000000c0a00000| 99%| O|  |TAMS 0x00000000c09fffe8, 0x00000000c0900000| Untracked 
|  10|0x00000000c0a00000, 0x00000000c0b00000, 0x00000000c0b00000|100%| O|  |TAMS 0x00000000c0b00000, 0x00000000c0a00000| Untracked 
|  11|0x00000000c0b00000, 0x00000000c0bfffd8, 0x00000000c0c00000| 99%| O|  |TAMS 0x00000000c0bfffd8, 0x00000000c0b00000| Untracked 
|  12|0x00000000c0c00000, 0x00000000c0cffff0, 0x00000000c0d00000| 99%| O|  |TAMS 0x00000000c0cffff0, 0x00000000c0c00000| Untracked 
|  13|0x00000000c0d00000, 0x00000000c0dfffe8, 0x00000000c0e00000| 99%| O|  |TAMS 0x00000000c0dfffe8, 0x00000000c0d00000| Untracked 
|  14|0x00000000c0e00000, 0x00000000c0f00000, 0x00000000c0f00000|100%| O|  |TAMS 0x00000000c0f00000, 0x00000000c0e00000| Untracked 
|  15|0x00000000c0f00000, 0x00000000c0ffffe0, 0x00000000c1000000| 99%| O|  |TAMS 0x00000000c0ffffe0, 0x00000000c0f00000| Untracked 
|  16|0x00000000c1000000, 0x00000000c10ffff0, 0x00000000c1100000| 99%| O|  |TAMS 0x00000000c10ffff0, 0x00000000c1000000| Untracked 
|  17|0x00000000c1100000, 0x00000000c11fffe0, 0x00000000c1200000| 99%| O|  |TAMS 0x00000000c11fffe0, 0x00000000c1100000| Untracked 
|  18|0x00000000c1200000, 0x00000000c12ffff0, 0x00000000c1300000| 99%| O|  |TAMS 0x00000000c12ffff0, 0x00000000c1200000| Untracked 
|  19|0x00000000c1300000, 0x00000000c13fffe8, 0x00000000c1400000| 99%| O|  |TAMS 0x00000000c13fffe8, 0x00000000c1300000| Untracked 
|  20|0x00000000c1400000, 0x00000000c14ffff8, 0x00000000c1500000| 99%| O|  |TAMS 0x00000000c14ffff8, 0x00000000c1400000| Untracked 
|  21|0x00000000c1500000, 0x00000000c15fffc8, 0x00000000c1600000| 99%| O|  |TAMS 0x00000000c15fffc8, 0x00000000c1500000| Untracked 
|  22|0x00000000c1600000, 0x00000000c16fffd0, 0x00000000c1700000| 99%| O|  |TAMS 0x00000000c16fffd0, 0x00000000c1600000| Untracked 
|  23|0x00000000c1700000, 0x00000000c17fffd0, 0x00000000c1800000| 99%| O|  |TAMS 0x00000000c17fffd0, 0x00000000c1700000| Untracked 
|  24|0x00000000c1800000, 0x00000000c18ffff0, 0x00000000c1900000| 99%| O|  |TAMS 0x00000000c18ffff0, 0x00000000c1800000| Untracked 
|  25|0x00000000c1900000, 0x00000000c19fffc0, 0x00000000c1a00000| 99%| O|  |TAMS 0x00000000c19fffc0, 0x00000000c1900000| Untracked 
|  26|0x00000000c1a00000, 0x00000000c1afffb8, 0x00000000c1b00000| 99%| O|  |TAMS 0x00000000c1afffb8, 0x00000000c1a00000| Untracked 
|  27|0x00000000c1b00000, 0x00000000c1bffff0, 0x00000000c1c00000| 99%| O|  |TAMS 0x00000000c1bffff0, 0x00000000c1b00000| Untracked 
|  28|0x00000000c1c00000, 0x00000000c1cffe48, 0x00000000c1d00000| 99%| O|  |TAMS 0x00000000c1cffe48, 0x00000000c1c00000| Untracked 
|  29|0x00000000c1d00000, 0x00000000c1dffff0, 0x00000000c1e00000| 99%| O|  |TAMS 0x00000000c1dffff0, 0x00000000c1d00000| Untracked 
|  30|0x00000000c1e00000, 0x00000000c1effff8, 0x00000000c1f00000| 99%| O|  |TAMS 0x00000000c1effff8, 0x00000000c1e00000| Untracked 
|  31|0x00000000c1f00000, 0x00000000c2000000, 0x00000000c2000000|100%| O|  |TAMS 0x00000000c2000000, 0x00000000c1f00000| Untracked 
|  32|0x00000000c2000000, 0x00000000c2100000, 0x00000000c2100000|100%| O|  |TAMS 0x00000000c2100000, 0x00000000c2000000| Untracked 
|  33|0x00000000c2100000, 0x00000000c2200000, 0x00000000c2200000|100%| O|  |TAMS 0x00000000c2200000, 0x00000000c2100000| Untracked 
|  34|0x00000000c2200000, 0x00000000c22f8610, 0x00000000c2300000| 97%| O|  |TAMS 0x00000000c22f8610, 0x00000000c2200000| Untracked 
|  35|0x00000000c2300000, 0x00000000c23ffff8, 0x00000000c2400000| 99%| O|  |TAMS 0x00000000c23ffff8, 0x00000000c2300000| Untracked 
|  36|0x00000000c2400000, 0x00000000c2500000, 0x00000000c2500000|100%| O|  |TAMS 0x00000000c2500000, 0x00000000c2400000| Untracked 
|  37|0x00000000c2500000, 0x00000000c2600000, 0x00000000c2600000|100%|HS|  |TAMS 0x00000000c2600000, 0x00000000c2500000| Untracked 
|  38|0x00000000c2600000, 0x00000000c2700000, 0x00000000c2700000|100%|HS|  |TAMS 0x00000000c2700000, 0x00000000c2600000| Untracked 
|  39|0x00000000c2700000, 0x00000000c270f6a8, 0x00000000c2800000|  6%| O|  |TAMS 0x00000000c2700000, 0x00000000c2700000| Untracked 
|  40|0x00000000c2800000, 0x00000000c2900000, 0x00000000c2900000|100%| O|  |TAMS 0x00000000c2900000, 0x00000000c2800000| Untracked 
|  41|0x00000000c2900000, 0x00000000c2a00000, 0x00000000c2a00000|100%|HS|  |TAMS 0x00000000c2900000, 0x00000000c2900000| Complete 
|  42|0x00000000c2a00000, 0x00000000c2b00000, 0x00000000c2b00000|100%|HS|  |TAMS 0x00000000c2a00000, 0x00000000c2a00000| Complete 
|  43|0x00000000c2b00000, 0x00000000c2c00000, 0x00000000c2c00000|100%| O|  |TAMS 0x00000000c2b00000, 0x00000000c2b00000| Untracked 
|  44|0x00000000c2c00000, 0x00000000c2d00000, 0x00000000c2d00000|100%| O|  |TAMS 0x00000000c2c00000, 0x00000000c2c00000| Untracked 
|  45|0x00000000c2d00000, 0x00000000c2e00000, 0x00000000c2e00000|100%| O|  |TAMS 0x00000000c2d00000, 0x00000000c2d00000| Untracked 
|  46|0x00000000c2e00000, 0x00000000c2f00000, 0x00000000c2f00000|100%| O|  |TAMS 0x00000000c2e00000, 0x00000000c2e00000| Untracked 
|  47|0x00000000c2f00000, 0x00000000c3000000, 0x00000000c3000000|100%| O|  |TAMS 0x00000000c2f00000, 0x00000000c2f00000| Untracked 
|  48|0x00000000c3000000, 0x00000000c3100000, 0x00000000c3100000|100%| O|  |TAMS 0x00000000c3000000, 0x00000000c3000000| Untracked 
|  49|0x00000000c3100000, 0x00000000c3200000, 0x00000000c3200000|100%| O|  |TAMS 0x00000000c3100000, 0x00000000c3100000| Untracked 
|  50|0x00000000c3200000, 0x00000000c3300000, 0x00000000c3300000|100%| O|  |TAMS 0x00000000c3200000, 0x00000000c3200000| Untracked 
|  51|0x00000000c3300000, 0x00000000c3400000, 0x00000000c3400000|100%| O|  |TAMS 0x00000000c3300000, 0x00000000c3300000| Untracked 
|  52|0x00000000c3400000, 0x00000000c3500000, 0x00000000c3500000|100%| O|  |TAMS 0x00000000c3400000, 0x00000000c3400000| Untracked 
|  53|0x00000000c3500000, 0x00000000c3600000, 0x00000000c3600000|100%| O|  |TAMS 0x00000000c3500000, 0x00000000c3500000| Untracked 
|  54|0x00000000c3600000, 0x00000000c3700000, 0x00000000c3700000|100%| O|  |TAMS 0x00000000c3600000, 0x00000000c3600000| Untracked 
|  55|0x00000000c3700000, 0x00000000c3793c00, 0x00000000c3800000| 57%| O|  |TAMS 0x00000000c3700000, 0x00000000c3700000| Untracked 
|  56|0x00000000c3800000, 0x00000000c3900000, 0x00000000c3900000|100%| O|  |TAMS 0x00000000c3800000, 0x00000000c3800000| Untracked 
|  57|0x00000000c3900000, 0x00000000c3900000, 0x00000000c3a00000|  0%| F|  |TAMS 0x00000000c3900000, 0x00000000c3900000| Untracked 
|  58|0x00000000c3a00000, 0x00000000c3a00000, 0x00000000c3b00000|  0%| F|  |TAMS 0x00000000c3a00000, 0x00000000c3a00000| Untracked 
|  59|0x00000000c3b00000, 0x00000000c3b00000, 0x00000000c3c00000|  0%| F|  |TAMS 0x00000000c3b00000, 0x00000000c3b00000| Untracked 
|  60|0x00000000c3c00000, 0x00000000c3c00000, 0x00000000c3d00000|  0%| F|  |TAMS 0x00000000c3c00000, 0x00000000c3c00000| Untracked 
|  61|0x00000000c3d00000, 0x00000000c3d00000, 0x00000000c3e00000|  0%| F|  |TAMS 0x00000000c3d00000, 0x00000000c3d00000| Untracked 
|  62|0x00000000c3e00000, 0x00000000c3e00000, 0x00000000c3f00000|  0%| F|  |TAMS 0x00000000c3e00000, 0x00000000c3e00000| Untracked 
|  63|0x00000000c3f00000, 0x00000000c3f00000, 0x00000000c4000000|  0%| F|  |TAMS 0x00000000c3f00000, 0x00000000c3f00000| Untracked 
|  64|0x00000000c4000000, 0x00000000c4000000, 0x00000000c4100000|  0%| F|  |TAMS 0x00000000c4000000, 0x00000000c4000000| Untracked 
|  65|0x00000000c4100000, 0x00000000c4100000, 0x00000000c4200000|  0%| F|  |TAMS 0x00000000c4100000, 0x00000000c4100000| Untracked 
|  66|0x00000000c4200000, 0x00000000c4200000, 0x00000000c4300000|  0%| F|  |TAMS 0x00000000c4200000, 0x00000000c4200000| Untracked 
|  67|0x00000000c4300000, 0x00000000c4300000, 0x00000000c4400000|  0%| F|  |TAMS 0x00000000c4300000, 0x00000000c4300000| Untracked 
|  68|0x00000000c4400000, 0x00000000c4400000, 0x00000000c4500000|  0%| F|  |TAMS 0x00000000c4400000, 0x00000000c4400000| Untracked 
|  69|0x00000000c4500000, 0x00000000c4500000, 0x00000000c4600000|  0%| F|  |TAMS 0x00000000c4500000, 0x00000000c4500000| Untracked 
|  70|0x00000000c4600000, 0x00000000c4600000, 0x00000000c4700000|  0%| F|  |TAMS 0x00000000c4600000, 0x00000000c4600000| Untracked 
|  71|0x00000000c4700000, 0x00000000c4700000, 0x00000000c4800000|  0%| F|  |TAMS 0x00000000c4700000, 0x00000000c4700000| Untracked 
|  72|0x00000000c4800000, 0x00000000c486f8b0, 0x00000000c4900000| 43%| S|CS|TAMS 0x00000000c4800000, 0x00000000c4800000| Complete 
|  73|0x00000000c4900000, 0x00000000c4900000, 0x00000000c4a00000|  0%| F|  |TAMS 0x00000000c4900000, 0x00000000c4900000| Untracked 
|  74|0x00000000c4a00000, 0x00000000c4a00000, 0x00000000c4b00000|  0%| F|  |TAMS 0x00000000c4a00000, 0x00000000c4a00000| Untracked 
|  75|0x00000000c4b00000, 0x00000000c4b00000, 0x00000000c4c00000|  0%| F|  |TAMS 0x00000000c4b00000, 0x00000000c4b00000| Untracked 
|  76|0x00000000c4c00000, 0x00000000c4c00000, 0x00000000c4d00000|  0%| F|  |TAMS 0x00000000c4c00000, 0x00000000c4c00000| Untracked 
|  77|0x00000000c4d00000, 0x00000000c4d00000, 0x00000000c4e00000|  0%| F|  |TAMS 0x00000000c4d00000, 0x00000000c4d00000| Untracked 
|  78|0x00000000c4e00000, 0x00000000c4e00000, 0x00000000c4f00000|  0%| F|  |TAMS 0x00000000c4e00000, 0x00000000c4e00000| Untracked 
|  79|0x00000000c4f00000, 0x00000000c4f00000, 0x00000000c5000000|  0%| F|  |TAMS 0x00000000c4f00000, 0x00000000c4f00000| Untracked 
|  80|0x00000000c5000000, 0x00000000c5000000, 0x00000000c5100000|  0%| F|  |TAMS 0x00000000c5000000, 0x00000000c5000000| Untracked 
|  81|0x00000000c5100000, 0x00000000c5100000, 0x00000000c5200000|  0%| F|  |TAMS 0x00000000c5100000, 0x00000000c5100000| Untracked 
|  82|0x00000000c5200000, 0x00000000c5200000, 0x00000000c5300000|  0%| F|  |TAMS 0x00000000c5200000, 0x00000000c5200000| Untracked 
|  83|0x00000000c5300000, 0x00000000c5300000, 0x00000000c5400000|  0%| F|  |TAMS 0x00000000c5300000, 0x00000000c5300000| Untracked 
|  84|0x00000000c5400000, 0x00000000c5400000, 0x00000000c5500000|  0%| F|  |TAMS 0x00000000c5400000, 0x00000000c5400000| Untracked 
|  85|0x00000000c5500000, 0x00000000c5500000, 0x00000000c5600000|  0%| F|  |TAMS 0x00000000c5500000, 0x00000000c5500000| Untracked 
|  86|0x00000000c5600000, 0x00000000c5600000, 0x00000000c5700000|  0%| F|  |TAMS 0x00000000c5600000, 0x00000000c5600000| Untracked 
|  87|0x00000000c5700000, 0x00000000c5700000, 0x00000000c5800000|  0%| F|  |TAMS 0x00000000c5700000, 0x00000000c5700000| Untracked 
|  88|0x00000000c5800000, 0x00000000c5800000, 0x00000000c5900000|  0%| F|  |TAMS 0x00000000c5800000, 0x00000000c5800000| Untracked 
|  89|0x00000000c5900000, 0x00000000c59139f0, 0x00000000c5a00000|  7%| E|  |TAMS 0x00000000c5900000, 0x00000000c5900000| Complete 
|  90|0x00000000c5a00000, 0x00000000c5b00000, 0x00000000c5b00000|100%| E|CS|TAMS 0x00000000c5a00000, 0x00000000c5a00000| Complete 
|  91|0x00000000c5b00000, 0x00000000c5c00000, 0x00000000c5c00000|100%| E|CS|TAMS 0x00000000c5b00000, 0x00000000c5b00000| Complete 
|  92|0x00000000c5c00000, 0x00000000c5d00000, 0x00000000c5d00000|100%| E|CS|TAMS 0x00000000c5c00000, 0x00000000c5c00000| Complete 
|  93|0x00000000c5d00000, 0x00000000c5e00000, 0x00000000c5e00000|100%| E|CS|TAMS 0x00000000c5d00000, 0x00000000c5d00000| Complete 
|  94|0x00000000c5e00000, 0x00000000c5f00000, 0x00000000c5f00000|100%| E|CS|TAMS 0x00000000c5e00000, 0x00000000c5e00000| Complete 
|  95|0x00000000c5f00000, 0x00000000c6000000, 0x00000000c6000000|100%| E|CS|TAMS 0x00000000c5f00000, 0x00000000c5f00000| Complete 
|  96|0x00000000c6000000, 0x00000000c6100000, 0x00000000c6100000|100%| E|CS|TAMS 0x00000000c6000000, 0x00000000c6000000| Complete 
|  97|0x00000000c6100000, 0x00000000c6200000, 0x00000000c6200000|100%| E|CS|TAMS 0x00000000c6100000, 0x00000000c6100000| Complete 
|  98|0x00000000c6200000, 0x00000000c6300000, 0x00000000c6300000|100%| E|CS|TAMS 0x00000000c6200000, 0x00000000c6200000| Complete 
|  99|0x00000000c6300000, 0x00000000c6400000, 0x00000000c6400000|100%| E|CS|TAMS 0x00000000c6300000, 0x00000000c6300000| Complete 
| 100|0x00000000c6400000, 0x00000000c6500000, 0x00000000c6500000|100%| E|CS|TAMS 0x00000000c6400000, 0x00000000c6400000| Complete 
| 101|0x00000000c6500000, 0x00000000c6600000, 0x00000000c6600000|100%| E|CS|TAMS 0x00000000c6500000, 0x00000000c6500000| Complete 
| 102|0x00000000c6600000, 0x00000000c6700000, 0x00000000c6700000|100%| E|CS|TAMS 0x00000000c6600000, 0x00000000c6600000| Complete 
| 103|0x00000000c6700000, 0x00000000c6800000, 0x00000000c6800000|100%| E|CS|TAMS 0x00000000c6700000, 0x00000000c6700000| Complete 
| 104|0x00000000c6800000, 0x00000000c6900000, 0x00000000c6900000|100%| E|CS|TAMS 0x00000000c6800000, 0x00000000c6800000| Complete 
| 105|0x00000000c6900000, 0x00000000c6a00000, 0x00000000c6a00000|100%| E|CS|TAMS 0x00000000c6900000, 0x00000000c6900000| Complete 
| 106|0x00000000c6a00000, 0x00000000c6b00000, 0x00000000c6b00000|100%| E|CS|TAMS 0x00000000c6a00000, 0x00000000c6a00000| Complete 

Card table byte_map: [0x00000298d31d0000,0x00000298d33d0000] _byte_map_base: 0x00000298d2bd0000

Marking Bits (Prev, Next): (CMBitMap*) 0x00000298cd275c70, (CMBitMap*) 0x00000298cd275c30
 Prev Bits: [0x00000298d45d0000, 0x00000298d55d0000)
 Next Bits: [0x00000298d35d0000, 0x00000298d45d0000)

Polling page: 0x00000298cb050000

Metaspace:

Usage:
  Non-class:     50.57 MB used.
      Class:      7.29 MB used.
       Both:     57.86 MB used.

Virtual space:
  Non-class space:       64.00 MB reserved,      50.81 MB ( 79%) committed,  1 nodes.
      Class space:        1.00 GB reserved,       7.56 MB ( <1%) committed,  1 nodes.
             Both:        1.06 GB reserved,      58.38 MB (  5%) committed. 

Chunk freelists:
   Non-Class:  12.90 MB
       Class:  8.36 MB
        Both:  21.25 MB

MaxMetaspaceSize: unlimited
CompressedClassSpaceSize: 1.00 GB
Initial GC threshold: 21.00 MB
Current GC threshold: 97.44 MB
CDS: off
MetaspaceReclaimPolicy: balanced
 - commit_granule_bytes: 65536.
 - commit_granule_words: 8192.
 - virtual_space_node_default_size: 8388608.
 - enlarge_chunks_in_place: 1.
 - new_chunks_are_fully_committed: 0.
 - uncommit_free_chunks: 1.
 - use_allocation_guard: 0.
 - handle_deallocations: 1.


Internal statistics:

num_allocs_failed_limit: 6.
num_arena_births: 1544.
num_arena_deaths: 922.
num_vsnodes_births: 2.
num_vsnodes_deaths: 0.
num_space_committed: 938.
num_space_uncommitted: 4.
num_chunks_returned_to_freelist: 1218.
num_chunks_taken_from_freelist: 3878.
num_chunk_merges: 332.
num_chunk_splits: 2181.
num_chunks_enlarged: 1476.
num_inconsistent_stats: 0.

CodeCache: size=49152Kb used=23728Kb max_used=24345Kb free=25423Kb
 bounds [0x00000298cfec0000, 0x00000298d16c0000, 0x00000298d2ec0000]
 total_blobs=12802 nmethods=12142 adapters=585
 compilation: enabled
              stopped_count=0, restarted_count=0
 full_count=0

Compilation events (20 events):
Event: 13811.199 Thread 0x00000298d8161740 12318       1       org.eclipse.jdt.internal.compiler.parser.Parser::consumePrimaryNoNewArray (55 bytes)
Event: 13811.199 Thread 0x00000298d8161740 nmethod 12318 0x00000298d15e9310 code [0x00000298d15e94a0, 0x00000298d15e95e8]
Event: 13811.607 Thread 0x00000298d8161740 12319       1       java.time.Instant::now (4 bytes)
Event: 13811.607 Thread 0x00000298d8161740 nmethod 12319 0x00000298d15e9010 code [0x00000298d15e91a0, 0x00000298d15e9268]
Event: 13814.870 Thread 0x00000298d8161740 12320       1       org.eclipse.jdt.core.dom.ASTNode::addProperty (39 bytes)
Event: 13814.870 Thread 0x00000298d8161740 nmethod 12320 0x00000298d15e8b10 code [0x00000298d15e8cc0, 0x00000298d15e8ea8]
Event: 13821.345 Thread 0x00000298d8161740 12321       1       org.eclipse.jdt.internal.compiler.parser.Parser::consumeCastExpressionWithNameArray (234 bytes)
Event: 13821.346 Thread 0x00000298d8161740 nmethod 12321 0x00000298d15e7810 code [0x00000298d15e7a80, 0x00000298d15e84d8]
Event: 13822.806 Thread 0x00000298d8161740 12322       1       org.eclipse.jdt.core.dom.ASTVisitor::visit (2 bytes)
Event: 13822.806 Thread 0x00000298d8161740 nmethod 12322 0x00000298d15e7510 code [0x00000298d15e76a0, 0x00000298d15e7778]
Event: 13834.772 Thread 0x00000298d8161740 12323       1       org.eclipse.jdt.core.dom.EnhancedForStatement::accept0 (43 bytes)
Event: 13834.773 Thread 0x00000298d8161740 nmethod 12323 0x00000298d15e6b10 code [0x00000298d15e6d60, 0x00000298d15e7238]
Event: 13834.773 Thread 0x00000298d8161740 12324   !   1       org.eclipse.jdt.core.dom.EnhancedForStatement::getParameter (57 bytes)
Event: 13834.773 Thread 0x00000298d8161740 nmethod 12324 0x00000298d15e6010 code [0x00000298d15e61e0, 0x00000298d15e67c8]
Event: 13834.773 Thread 0x00000298d8161740 12325   !   1       org.eclipse.jdt.core.dom.EnhancedForStatement::getExpression (61 bytes)
Event: 13834.774 Thread 0x00000298d8161740 nmethod 12325 0x00000298d15e5490 code [0x00000298d15e5680, 0x00000298d15e5cc8]
Event: 13834.774 Thread 0x00000298d8161740 12326   !   1       org.eclipse.jdt.core.dom.EnhancedForStatement::getBody (61 bytes)
Event: 13834.774 Thread 0x00000298d8161740 nmethod 12326 0x00000298d15e4810 code [0x00000298d15e4a00, 0x00000298d15e50f8]
Event: 13836.604 Thread 0x00000298d8161740 12327       1       org.eclipse.jdt.core.dom.ASTVisitor::endVisit (1 bytes)
Event: 13836.604 Thread 0x00000298d8161740 nmethod 12327 0x00000298d15e4510 code [0x00000298d15e46a0, 0x00000298d15e4758]

GC Heap History (20 events):
Event: 13808.835 GC heap before
{Heap before GC invocations=1236 (full 476):
 garbage-first heap   total 109568K, used 91883K [0x00000000c0000000, 0x0000000100000000)
  region size 1024K, 36 young (36864K), 2 survivors (2048K)
 Metaspace       used 59246K, committed 59776K, reserved 1114112K
  class space    used 7469K, committed 7744K, reserved 1048576K
}
Event: 13808.837 GC heap after
{Heap after GC invocations=1237 (full 476):
 garbage-first heap   total 109568K, used 58392K [0x00000000c0000000, 0x0000000100000000)
  region size 1024K, 2 young (2048K), 2 survivors (2048K)
 Metaspace       used 59246K, committed 59776K, reserved 1114112K
  class space    used 7469K, committed 7744K, reserved 1048576K
}
Event: 13810.163 GC heap before
{Heap before GC invocations=1237 (full 476):
 garbage-first heap   total 109568K, used 93208K [0x00000000c0000000, 0x0000000100000000)
  region size 1024K, 36 young (36864K), 2 survivors (2048K)
 Metaspace       used 59246K, committed 59776K, reserved 1114112K
  class space    used 7469K, committed 7744K, reserved 1048576K
}
Event: 13810.164 GC heap after
{Heap after GC invocations=1238 (full 476):
 garbage-first heap   total 109568K, used 57664K [0x00000000c0000000, 0x0000000100000000)
  region size 1024K, 1 young (1024K), 1 survivors (1024K)
 Metaspace       used 59246K, committed 59776K, reserved 1114112K
  class space    used 7469K, committed 7744K, reserved 1048576K
}
Event: 13811.418 GC heap before
{Heap before GC invocations=1238 (full 476):
 garbage-first heap   total 109568K, used 92480K [0x00000000c0000000, 0x0000000100000000)
  region size 1024K, 36 young (36864K), 1 survivors (1024K)
 Metaspace       used 59246K, committed 59776K, reserved 1114112K
  class space    used 7469K, committed 7744K, reserved 1048576K
}
Event: 13811.420 GC heap after
{Heap after GC invocations=1239 (full 476):
 garbage-first heap   total 109568K, used 57684K [0x00000000c0000000, 0x0000000100000000)
  region size 1024K, 1 young (1024K), 1 survivors (1024K)
 Metaspace       used 59246K, committed 59776K, reserved 1114112K
  class space    used 7469K, committed 7744K, reserved 1048576K
}
Event: 13813.710 GC heap before
{Heap before GC invocations=1239 (full 476):
 garbage-first heap   total 109568K, used 93524K [0x00000000c0000000, 0x0000000100000000)
  region size 1024K, 36 young (36864K), 1 survivors (1024K)
 Metaspace       used 59246K, committed 59776K, reserved 1114112K
  class space    used 7469K, committed 7744K, reserved 1048576K
}
Event: 13813.711 GC heap after
{Heap after GC invocations=1240 (full 476):
 garbage-first heap   total 109568K, used 57385K [0x00000000c0000000, 0x0000000100000000)
  region size 1024K, 1 young (1024K), 1 survivors (1024K)
 Metaspace       used 59246K, committed 59776K, reserved 1114112K
  class space    used 7469K, committed 7744K, reserved 1048576K
}
Event: 13814.871 GC heap before
{Heap before GC invocations=1240 (full 476):
 garbage-first heap   total 109568K, used 92201K [0x00000000c0000000, 0x0000000100000000)
  region size 1024K, 36 young (36864K), 1 survivors (1024K)
 Metaspace       used 59248K, committed 59776K, reserved 1114112K
  class space    used 7469K, committed 7744K, reserved 1048576K
}
Event: 13814.873 GC heap after
{Heap after GC invocations=1241 (full 476):
 garbage-first heap   total 109568K, used 58330K [0x00000000c0000000, 0x0000000100000000)
  region size 1024K, 2 young (2048K), 2 survivors (2048K)
 Metaspace       used 59248K, committed 59776K, reserved 1114112K
  class space    used 7469K, committed 7744K, reserved 1048576K
}
Event: 13818.374 GC heap before
{Heap before GC invocations=1241 (full 476):
 garbage-first heap   total 109568K, used 93146K [0x00000000c0000000, 0x0000000100000000)
  region size 1024K, 36 young (36864K), 2 survivors (2048K)
 Metaspace       used 59248K, committed 59776K, reserved 1114112K
  class space    used 7469K, committed 7744K, reserved 1048576K
}
Event: 13818.376 GC heap after
{Heap after GC invocations=1242 (full 476):
 garbage-first heap   total 109568K, used 57588K [0x00000000c0000000, 0x0000000100000000)
  region size 1024K, 1 young (1024K), 1 survivors (1024K)
 Metaspace       used 59248K, committed 59776K, reserved 1114112K
  class space    used 7469K, committed 7744K, reserved 1048576K
}
Event: 13822.774 GC heap before
{Heap before GC invocations=1242 (full 476):
 garbage-first heap   total 109568K, used 93428K [0x00000000c0000000, 0x0000000100000000)
  region size 1024K, 36 young (36864K), 1 survivors (1024K)
 Metaspace       used 59248K, committed 59776K, reserved 1114112K
  class space    used 7469K, committed 7744K, reserved 1048576K
}
Event: 13822.776 GC heap after
{Heap after GC invocations=1243 (full 476):
 garbage-first heap   total 109568K, used 58949K [0x00000000c0000000, 0x0000000100000000)
  region size 1024K, 2 young (2048K), 2 survivors (2048K)
 Metaspace       used 59248K, committed 59776K, reserved 1114112K
  class space    used 7469K, committed 7744K, reserved 1048576K
}
Event: 13824.636 GC heap before
{Heap before GC invocations=1243 (full 476):
 garbage-first heap   total 109568K, used 92741K [0x00000000c0000000, 0x0000000100000000)
  region size 1024K, 35 young (35840K), 2 survivors (2048K)
 Metaspace       used 59248K, committed 59776K, reserved 1114112K
  class space    used 7469K, committed 7744K, reserved 1048576K
}
Event: 13824.637 GC heap after
{Heap after GC invocations=1244 (full 476):
 garbage-first heap   total 109568K, used 58758K [0x00000000c0000000, 0x0000000100000000)
  region size 1024K, 2 young (2048K), 2 survivors (2048K)
 Metaspace       used 59248K, committed 59776K, reserved 1114112K
  class space    used 7469K, committed 7744K, reserved 1048576K
}
Event: 13826.470 GC heap before
{Heap before GC invocations=1244 (full 476):
 garbage-first heap   total 109568K, used 92550K [0x00000000c0000000, 0x0000000100000000)
  region size 1024K, 35 young (35840K), 2 survivors (2048K)
 Metaspace       used 59248K, committed 59776K, reserved 1114112K
  class space    used 7469K, committed 7744K, reserved 1048576K
}
Event: 13826.471 GC heap after
{Heap after GC invocations=1245 (full 476):
 garbage-first heap   total 109568K, used 57821K [0x00000000c0000000, 0x0000000100000000)
  region size 1024K, 1 young (1024K), 1 survivors (1024K)
 Metaspace       used 59248K, committed 59776K, reserved 1114112K
  class space    used 7469K, committed 7744K, reserved 1048576K
}
Event: 13829.451 GC heap before
{Heap before GC invocations=1245 (full 476):
 garbage-first heap   total 109568K, used 92637K [0x00000000c0000000, 0x0000000100000000)
  region size 1024K, 35 young (35840K), 1 survivors (1024K)
 Metaspace       used 59248K, committed 59776K, reserved 1114112K
  class space    used 7469K, committed 7744K, reserved 1048576K
}
Event: 13829.453 GC heap after
{Heap after GC invocations=1246 (full 476):
 garbage-first heap   total 109568K, used 57386K [0x00000000c0000000, 0x0000000100000000)
  region size 1024K, 1 young (1024K), 1 survivors (1024K)
 Metaspace       used 59248K, committed 59776K, reserved 1114112K
  class space    used 7469K, committed 7744K, reserved 1048576K
}

Dll operation events (11 events):
Event: 0.007 Loaded shared library c:\Users\MISA\.vscode\extensions\redhat.java-1.30.0-win32-x64\jre\17.0.10-win32-x86_64\bin\java.dll
Event: 0.646 Loaded shared library C:\Users\MISA\.vscode\extensions\redhat.java-1.30.0-win32-x64\jre\17.0.10-win32-x86_64\bin\net.dll
Event: 0.647 Loaded shared library C:\Users\MISA\.vscode\extensions\redhat.java-1.30.0-win32-x64\jre\17.0.10-win32-x86_64\bin\nio.dll
Event: 1.183 Loaded shared library C:\Users\MISA\.vscode\extensions\redhat.java-1.30.0-win32-x64\jre\17.0.10-win32-x86_64\bin\zip.dll
Event: 11.052 Loaded shared library C:\Users\MISA\.vscode\extensions\redhat.java-1.30.0-win32-x64\jre\17.0.10-win32-x86_64\bin\jimage.dll
Event: 12.680 Loaded shared library c:\Users\MISA\.vscode\extensions\redhat.java-1.30.0-win32-x64\jre\17.0.10-win32-x86_64\bin\verify.dll
Event: 16.630 Loaded shared library C:\Users\MISA\.vscode\extensions\redhat.java-1.30.0-win32-x64\jre\17.0.10-win32-x86_64\bin\management.dll
Event: 16.632 Loaded shared library C:\Users\MISA\.vscode\extensions\redhat.java-1.30.0-win32-x64\jre\17.0.10-win32-x86_64\bin\management_ext.dll
Event: 17.567 Loaded shared library C:\Users\MISA\.vscode\extensions\redhat.java-1.30.0-win32-x64\jre\17.0.10-win32-x86_64\bin\sunmscapi.dll
Event: 673.091 Loaded shared library C:\Users\MISA\.vscode\extensions\redhat.java-1.30.0-win32-x64\jre\17.0.10-win32-x86_64\bin\extnet.dll
Event: 673.123 Loaded shared library C:\Users\MISA\.vscode\extensions\redhat.java-1.30.0-win32-x64\jre\17.0.10-win32-x86_64\bin\rmi.dll

Deoptimization events (14 events):
Event: 16.927 Thread 0x00000298d8c1b570 DEOPT PACKING pc=0x00000298d0482981 sp=0x000000f2ab5fdf90
Event: 16.927 Thread 0x00000298d8c1b570 DEOPT UNPACKING pc=0x00000298cff1ace3 sp=0x000000f2ab5fd420 mode 3
Event: 16.927 Thread 0x00000298ddd11d00 DEOPT PACKING pc=0x00000298d0460c97 sp=0x000000f2abaff0b0
Event: 16.927 Thread 0x00000298ddd11d00 DEOPT UNPACKING pc=0x00000298cff1ace3 sp=0x000000f2abafe508 mode 3
Event: 17.623 Thread 0x00000298ddd12210 DEOPT PACKING pc=0x00000298d015be8c sp=0x000000f2abdfa720
Event: 17.623 Thread 0x00000298ddd12210 DEOPT UNPACKING pc=0x00000298cff1ace3 sp=0x000000f2abdf9be8 mode 0
Event: 151.334 Thread 0x00000298d8ce6530 DEOPT PACKING pc=0x00000298d055b154 sp=0x000000f2ab4fed00
Event: 151.334 Thread 0x00000298d8ce6530 DEOPT UNPACKING pc=0x00000298cff1ace3 sp=0x000000f2ab4fe188 mode 0
Event: 188.067 Thread 0x00000298ddd942c0 DEOPT PACKING pc=0x00000298d019fdb4 sp=0x000000f2ab7fe030
Event: 188.067 Thread 0x00000298ddd942c0 DEOPT UNPACKING pc=0x00000298cff1ace3 sp=0x000000f2ab7fd580 mode 0
Event: 2903.583 Thread 0x00000298ddd11d00 DEOPT PACKING pc=0x00000298d07f7434 sp=0x000000f2abafe780
Event: 2903.583 Thread 0x00000298ddd11d00 DEOPT UNPACKING pc=0x00000298cff1ace3 sp=0x000000f2abafdca8 mode 0
Event: 2903.850 Thread 0x00000298ddd11d00 DEOPT PACKING pc=0x00000298d12a2404 sp=0x000000f2abafded0
Event: 2903.850 Thread 0x00000298ddd11d00 DEOPT UNPACKING pc=0x00000298cff1ace3 sp=0x000000f2abafd348 mode 0

Classes unloaded (20 events):
Event: 9719.943 Thread 0x00000298d810d8f0 Unloading class 0x0000000100706400 'jdk/internal/reflect/GeneratedConstructorAccessor108'
Event: 9719.943 Thread 0x00000298d810d8f0 Unloading class 0x0000000100700c00 'jdk/internal/reflect/GeneratedMethodAccessor84'
Event: 9719.943 Thread 0x00000298d810d8f0 Unloading class 0x0000000100700000 'jdk/internal/reflect/GeneratedConstructorAccessor107'
Event: 9719.943 Thread 0x00000298d810d8f0 Unloading class 0x0000000100710800 'jdk/internal/reflect/GeneratedMethodAccessor83'
Event: 9719.943 Thread 0x00000298d810d8f0 Unloading class 0x00000001003a5400 'jdk/internal/reflect/GeneratedMethodAccessor82'
Event: 9719.943 Thread 0x00000298d810d8f0 Unloading class 0x0000000100708400 'jdk/internal/reflect/GeneratedMethodAccessor81'
Event: 10631.072 Thread 0x00000298d810d8f0 Unloading class 0x0000000100708400 'jdk/internal/reflect/GeneratedConstructorAccessor122'
Event: 10631.072 Thread 0x00000298d810d8f0 Unloading class 0x00000001003a5400 'jdk/internal/reflect/GeneratedConstructorAccessor121'
Event: 10631.072 Thread 0x00000298d810d8f0 Unloading class 0x0000000100710800 'jdk/internal/reflect/GeneratedConstructorAccessor120'
Event: 10631.072 Thread 0x00000298d810d8f0 Unloading class 0x0000000100700000 'jdk/internal/reflect/GeneratedConstructorAccessor119'
Event: 10631.072 Thread 0x00000298d810d8f0 Unloading class 0x0000000100700c00 'jdk/internal/reflect/GeneratedConstructorAccessor118'
Event: 10631.072 Thread 0x00000298d810d8f0 Unloading class 0x0000000100706400 'jdk/internal/reflect/GeneratedMethodAccessor92'
Event: 10631.072 Thread 0x00000298d810d8f0 Unloading class 0x0000000100707c00 'jdk/internal/reflect/GeneratedConstructorAccessor117'
Event: 10631.072 Thread 0x00000298d810d8f0 Unloading class 0x000000010070e000 'jdk/internal/reflect/GeneratedMethodAccessor91'
Event: 10631.072 Thread 0x00000298d810d8f0 Unloading class 0x000000010070bc00 'jdk/internal/reflect/GeneratedConstructorAccessor116'
Event: 10631.072 Thread 0x00000298d810d8f0 Unloading class 0x000000010070c800 'jdk/internal/reflect/GeneratedMethodAccessor90'
Event: 10631.072 Thread 0x00000298d810d8f0 Unloading class 0x0000000100728400 'jdk/internal/reflect/GeneratedConstructorAccessor115'
Event: 10631.072 Thread 0x00000298d810d8f0 Unloading class 0x000000010070e800 'jdk/internal/reflect/GeneratedMethodAccessor89'
Event: 10631.072 Thread 0x00000298d810d8f0 Unloading class 0x000000010070dc00 'jdk/internal/reflect/GeneratedMethodAccessor88'
Event: 10631.072 Thread 0x00000298d810d8f0 Unloading class 0x0000000100799c00 'jdk/internal/reflect/GeneratedMethodAccessor87'

Classes redefined (0 events):
No events

Internal exceptions (20 events):
Event: 8921.410 Thread 0x00000298ddd11d00 Exception <a 'sun/nio/fs/WindowsException'{0x00000000c69e2bb8}> (0x00000000c69e2bb8) 
thrown [s\src\hotspot\share\prims\jni.cpp, line 516]
Event: 8921.410 Thread 0x00000298ddd11d00 Exception <a 'sun/nio/fs/WindowsException'{0x00000000c69e3840}> (0x00000000c69e3840) 
thrown [s\src\hotspot\share\prims\jni.cpp, line 516]
Event: 8922.248 Thread 0x00000298ddd11d00 Exception <a 'sun/nio/fs/WindowsException'{0x00000000c6742d08}> (0x00000000c6742d08) 
thrown [s\src\hotspot\share\prims\jni.cpp, line 516]
Event: 8922.248 Thread 0x00000298ddd11d00 Exception <a 'sun/nio/fs/WindowsException'{0x00000000c6743858}> (0x00000000c6743858) 
thrown [s\src\hotspot\share\prims\jni.cpp, line 516]
Event: 8922.248 Thread 0x00000298ddd11d00 Exception <a 'sun/nio/fs/WindowsException'{0x00000000c6744358}> (0x00000000c6744358) 
thrown [s\src\hotspot\share\prims\jni.cpp, line 516]
Event: 8922.248 Thread 0x00000298ddd11d00 Exception <a 'sun/nio/fs/WindowsException'{0x00000000c6744ea8}> (0x00000000c6744ea8) 
thrown [s\src\hotspot\share\prims\jni.cpp, line 516]
Event: 8922.248 Thread 0x00000298ddd11d00 Exception <a 'sun/nio/fs/WindowsException'{0x00000000c6745ac8}> (0x00000000c6745ac8) 
thrown [s\src\hotspot\share\prims\jni.cpp, line 516]
Event: 8922.248 Thread 0x00000298ddd11d00 Exception <a 'sun/nio/fs/WindowsException'{0x00000000c6746750}> (0x00000000c6746750) 
thrown [s\src\hotspot\share\prims\jni.cpp, line 516]
Event: 9296.320 Thread 0x00000298ddd12720 NullPointerException in IC check 0x00000298d0056bc0
Event: 9296.320 Thread 0x00000298ddd12720 Exception <a 'java/lang/NullPointerException'{0x00000000c5638b20}> (0x00000000c5638b20) 
thrown [s\src\hotspot\share\runtime\sharedRuntime.cpp, line 631]
Event: 9296.321 Thread 0x00000298ddd12720 Exception <a 'java/lang/reflect/InvocationTargetException'{0x00000000c5647140}> (0x00000000c5647140) 
thrown [s\src\hotspot\share\runtime\reflection.cpp, line 1121]
Event: 9296.321 Thread 0x00000298ddd12720 Implicit null exception at 0x00000298d0f408ed to 0x00000298d0f40df4
Event: 9296.321 Thread 0x00000298ddd12720 Exception <a 'java/lang/NullPointerException'{0x00000000c5655ce0}> (0x00000000c5655ce0) 
thrown [s\src\hotspot\share\runtime\sharedRuntime.cpp, line 631]
Event: 9296.321 Thread 0x00000298ddd12720 Exception <a 'java/lang/reflect/InvocationTargetException'{0x00000000c5655fb8}> (0x00000000c5655fb8) 
thrown [s\src\hotspot\share\runtime\reflection.cpp, line 1121]
Event: 10017.224 Thread 0x00000298ddd98490 NullPointerException in IC check 0x00000298d0056bc0
Event: 10017.225 Thread 0x00000298ddd98490 Exception <a 'java/lang/NullPointerException'{0x00000000c4df9798}> (0x00000000c4df9798) 
thrown [s\src\hotspot\share\runtime\sharedRuntime.cpp, line 631]
Event: 10017.225 Thread 0x00000298ddd98490 Implicit null exception at 0x00000298d0f408ed to 0x00000298d0f40df4
Event: 10017.225 Thread 0x00000298ddd98490 Exception <a 'java/lang/NullPointerException'{0x00000000c4c097b0}> (0x00000000c4c097b0) 
thrown [s\src\hotspot\share\runtime\sharedRuntime.cpp, line 631]
Event: 10075.412 Thread 0x00000298ddd95c10 Implicit null exception at 0x00000298d12461b7 to 0x00000298d12462da
Event: 10075.412 Thread 0x00000298ddd95c10 Exception <a 'java/lang/NullPointerException'{0x00000000c69c54b0}> (0x00000000c69c54b0) 
thrown [s\src\hotspot\share\runtime\sharedRuntime.cpp, line 631]

VM Operations (20 events):
Event: 13811.418 Executing VM operation: G1CollectForAllocation
Event: 13811.420 Executing VM operation: G1CollectForAllocation done
Event: 13813.710 Executing VM operation: G1CollectForAllocation
Event: 13813.711 Executing VM operation: G1CollectForAllocation done
Event: 13814.871 Executing VM operation: G1CollectForAllocation
Event: 13814.873 Executing VM operation: G1CollectForAllocation done
Event: 13818.374 Executing VM operation: G1CollectForAllocation
Event: 13818.376 Executing VM operation: G1CollectForAllocation done
Event: 13822.774 Executing VM operation: G1CollectForAllocation
Event: 13822.777 Executing VM operation: G1CollectForAllocation done
Event: 13824.636 Executing VM operation: G1CollectForAllocation
Event: 13824.638 Executing VM operation: G1CollectForAllocation done
Event: 13826.470 Executing VM operation: G1CollectForAllocation
Event: 13826.471 Executing VM operation: G1CollectForAllocation done
Event: 13829.451 Executing VM operation: G1CollectForAllocation
Event: 13829.453 Executing VM operation: G1CollectForAllocation done
Event: 13830.556 Executing VM operation: HandshakeAllThreads
Event: 13830.556 Executing VM operation: HandshakeAllThreads done
Event: 13836.611 Executing VM operation: Cleanup
Event: 13836.611 Executing VM operation: Cleanup done

Events (20 events):
Event: 13219.555 Thread 0x00000298ddd98490 Thread added: 0x00000298ddd98490
Event: 13247.209 Thread 0x00000298ddd108c0 Thread exited: 0x00000298ddd108c0
Event: 13279.575 Thread 0x00000298ddd95c10 Thread exited: 0x00000298ddd95c10
Event: 13290.365 Thread 0x00000298ddd12210 Thread exited: 0x00000298ddd12210
Event: 13316.024 Thread 0x00000298ddd95c10 Thread added: 0x00000298ddd95c10
Event: 13317.085 Thread 0x00000298ddd0fea0 Thread added: 0x00000298ddd0fea0
Event: 13377.463 Thread 0x00000298ddd98490 Thread exited: 0x00000298ddd98490
Event: 13458.607 Thread 0x00000298ddd0fea0 Thread exited: 0x00000298ddd0fea0
Event: 13520.809 Thread 0x00000298ddd9ad10 Thread exited: 0x00000298ddd9ad10
Event: 13523.613 Thread 0x00000298ddd0fea0 Thread added: 0x00000298ddd0fea0
Event: 13540.670 Thread 0x00000298ddd112e0 Thread added: 0x00000298ddd112e0
Event: 13600.687 Thread 0x00000298ddd95c10 Thread exited: 0x00000298ddd95c10
Event: 13740.006 Thread 0x00000298ddd108c0 Thread added: 0x00000298ddd108c0
Event: 13772.106 Thread 0x00000298ddd12210 Thread added: 0x00000298ddd12210
Event: 13772.114 Thread 0x00000298ddd9ad10 Thread added: 0x00000298ddd9ad10
Event: 13772.132 Thread 0x00000298ddd95c10 Thread added: 0x00000298ddd95c10
Event: 13800.049 Thread 0x00000298ddd993c0 Thread exited: 0x00000298ddd993c0
Event: 13832.155 Thread 0x00000298ddd95c10 Thread exited: 0x00000298ddd95c10
Event: 13832.155 Thread 0x00000298ddd0fea0 Thread exited: 0x00000298ddd0fea0
Event: 13832.155 Thread 0x00000298ddd112e0 Thread exited: 0x00000298ddd112e0


Dynamic libraries:
0x00007ff782390000 - 0x00007ff78239e000 	c:\Users\MISA\.vscode\extensions\redhat.java-1.30.0-win32-x64\jre\17.0.10-win32-x86_64\bin\java.exe
0x00007ff9b25d0000 - 0x00007ff9b27e6000 	C:\WINDOWS\SYSTEM32\ntdll.dll
0x00007ff9b12a0000 - 0x00007ff9b1364000 	C:\WINDOWS\System32\KERNEL32.DLL
0x00007ff9afb30000 - 0x00007ff9afed7000 	C:\WINDOWS\System32\KERNELBASE.dll
0x00007ff9aff60000 - 0x00007ff9b0071000 	C:\WINDOWS\System32\ucrtbase.dll
0x00007ff98f470000 - 0x00007ff98f487000 	c:\Users\MISA\.vscode\extensions\redhat.java-1.30.0-win32-x64\jre\17.0.10-win32-x86_64\bin\jli.dll
0x00007ff9b22e0000 - 0x00007ff9b248e000 	C:\WINDOWS\System32\USER32.dll
0x00007ff9b0140000 - 0x00007ff9b0166000 	C:\WINDOWS\System32\win32u.dll
0x00007ff9b0560000 - 0x00007ff9b0589000 	C:\WINDOWS\System32\GDI32.dll
0x00007ff9b01e0000 - 0x00007ff9b02f9000 	C:\WINDOWS\System32\gdi32full.dll
0x00007ff9afa60000 - 0x00007ff9afafa000 	C:\WINDOWS\System32\msvcp_win.dll
0x00007ff98e540000 - 0x00007ff98e55b000 	c:\Users\MISA\.vscode\extensions\redhat.java-1.30.0-win32-x64\jre\17.0.10-win32-x86_64\bin\VCRUNTIME140.dll
0x00007ff9998d0000 - 0x00007ff999b63000 	C:\WINDOWS\WinSxS\amd64_microsoft.windows.common-controls_6595b64144ccf1df_6.0.22621.3235_none_270f74e173860f98\COMCTL32.dll
0x00007ff9b1a00000 - 0x00007ff9b1aa7000 	C:\WINDOWS\System32\msvcrt.dll
0x00007ff9b0590000 - 0x00007ff9b05c1000 	C:\WINDOWS\System32\IMM32.DLL
0x00007ff998130000 - 0x00007ff99813c000 	c:\Users\MISA\.vscode\extensions\redhat.java-1.30.0-win32-x64\jre\17.0.10-win32-x86_64\bin\vcruntime140_1.dll
0x00007ff93dbe0000 - 0x00007ff93dc6d000 	c:\Users\MISA\.vscode\extensions\redhat.java-1.30.0-win32-x64\jre\17.0.10-win32-x86_64\bin\msvcp140.dll
0x00007ff93a410000 - 0x00007ff93b072000 	c:\Users\MISA\.vscode\extensions\redhat.java-1.30.0-win32-x64\jre\17.0.10-win32-x86_64\bin\server\jvm.dll
0x00007ff9b0e70000 - 0x00007ff9b0f22000 	C:\WINDOWS\System32\ADVAPI32.dll
0x00007ff9b11f0000 - 0x00007ff9b1298000 	C:\WINDOWS\System32\sechost.dll
0x00007ff9afb00000 - 0x00007ff9afb28000 	C:\WINDOWS\System32\bcrypt.dll
0x00007ff9b0300000 - 0x00007ff9b0415000 	C:\WINDOWS\System32\RPCRT4.dll
0x00007ff9ae790000 - 0x00007ff9ae7dd000 	C:\WINDOWS\SYSTEM32\POWRPROF.dll
0x00007ff98e4f0000 - 0x00007ff98e4f9000 	C:\WINDOWS\SYSTEM32\WSOCK32.dll
0x00007ff9b0420000 - 0x00007ff9b0491000 	C:\WINDOWS\System32\WS2_32.dll
0x00007ff9a3c00000 - 0x00007ff9a3c0a000 	C:\WINDOWS\SYSTEM32\VERSION.dll
0x00007ff9a7480000 - 0x00007ff9a74b4000 	C:\WINDOWS\SYSTEM32\WINMM.dll
0x00007ff9ae770000 - 0x00007ff9ae783000 	C:\WINDOWS\SYSTEM32\UMPDC.dll
0x00007ff9aea20000 - 0x00007ff9aea38000 	C:\WINDOWS\SYSTEM32\kernel.appcore.dll
0x00007ff9964b0000 - 0x00007ff9964ba000 	c:\Users\MISA\.vscode\extensions\redhat.java-1.30.0-win32-x64\jre\17.0.10-win32-x86_64\bin\jimage.dll
0x00007ff9ad130000 - 0x00007ff9ad363000 	C:\WINDOWS\SYSTEM32\DBGHELP.DLL
0x00007ff9b1c10000 - 0x00007ff9b1f98000 	C:\WINDOWS\System32\combase.dll
0x00007ff9b1110000 - 0x00007ff9b11e7000 	C:\WINDOWS\System32\OLEAUT32.dll
0x00007ff9a5d70000 - 0x00007ff9a5da2000 	C:\WINDOWS\SYSTEM32\dbgcore.DLL
0x00007ff9afee0000 - 0x00007ff9aff59000 	C:\WINDOWS\System32\bcryptPrimitives.dll
0x00007ff982e90000 - 0x00007ff982eb5000 	c:\Users\MISA\.vscode\extensions\redhat.java-1.30.0-win32-x64\jre\17.0.10-win32-x86_64\bin\java.dll
0x00007ff98c020000 - 0x00007ff98c038000 	c:\Users\MISA\.vscode\extensions\redhat.java-1.30.0-win32-x64\jre\17.0.10-win32-x86_64\bin\zip.dll
0x00007ff9b05d0000 - 0x00007ff9b0e2c000 	C:\WINDOWS\System32\SHELL32.dll
0x00007ff9ad850000 - 0x00007ff9ae149000 	C:\WINDOWS\SYSTEM32\windows.storage.dll
0x00007ff9ad710000 - 0x00007ff9ad84e000 	C:\WINDOWS\SYSTEM32\wintypes.dll
0x00007ff9b1fa0000 - 0x00007ff9b2093000 	C:\WINDOWS\System32\SHCORE.dll
0x00007ff9b1ab0000 - 0x00007ff9b1b0e000 	C:\WINDOWS\System32\shlwapi.dll
0x00007ff9af820000 - 0x00007ff9af841000 	C:\WINDOWS\SYSTEM32\profapi.dll
0x00007ff98a850000 - 0x00007ff98a869000 	C:\Users\MISA\.vscode\extensions\redhat.java-1.30.0-win32-x64\jre\17.0.10-win32-x86_64\bin\net.dll
0x00007ff9a9e80000 - 0x00007ff9a9fb6000 	C:\WINDOWS\SYSTEM32\WINHTTP.dll
0x00007ff9aee90000 - 0x00007ff9aeef9000 	C:\WINDOWS\system32\mswsock.dll
0x00007ff9867b0000 - 0x00007ff9867c6000 	C:\Users\MISA\.vscode\extensions\redhat.java-1.30.0-win32-x64\jre\17.0.10-win32-x86_64\bin\nio.dll
0x00007ff9963b0000 - 0x00007ff9963c0000 	c:\Users\MISA\.vscode\extensions\redhat.java-1.30.0-win32-x64\jre\17.0.10-win32-x86_64\bin\verify.dll
0x00007ff9af0f0000 - 0x00007ff9af10b000 	C:\WINDOWS\SYSTEM32\CRYPTSP.dll
0x00007ff9ae980000 - 0x00007ff9ae9b5000 	C:\WINDOWS\system32\rsaenh.dll
0x00007ff9aef90000 - 0x00007ff9aefb8000 	C:\WINDOWS\SYSTEM32\USERENV.dll
0x00007ff9af110000 - 0x00007ff9af11c000 	C:\WINDOWS\SYSTEM32\CRYPTBASE.dll
0x00007ff9ae420000 - 0x00007ff9ae44d000 	C:\WINDOWS\SYSTEM32\IPHLPAPI.DLL
0x00007ff9b0e60000 - 0x00007ff9b0e69000 	C:\WINDOWS\System32\NSI.dll
0x00007ff9a9c00000 - 0x00007ff9a9c19000 	C:\WINDOWS\SYSTEM32\dhcpcsvc6.DLL
0x00007ff9a9b50000 - 0x00007ff9a9b6f000 	C:\WINDOWS\SYSTEM32\dhcpcsvc.DLL
0x00007ff9ae490000 - 0x00007ff9ae589000 	C:\WINDOWS\SYSTEM32\DNSAPI.dll
0x00007ff996250000 - 0x00007ff996259000 	C:\Users\MISA\.vscode\extensions\redhat.java-1.30.0-win32-x64\jre\17.0.10-win32-x86_64\bin\management.dll
0x00007ff996220000 - 0x00007ff99622b000 	C:\Users\MISA\.vscode\extensions\redhat.java-1.30.0-win32-x64\jre\17.0.10-win32-x86_64\bin\management_ext.dll
0x00007ff9b0e50000 - 0x00007ff9b0e58000 	C:\WINDOWS\System32\PSAPI.DLL
0x00007ff996030000 - 0x00007ff99603e000 	C:\Users\MISA\.vscode\extensions\redhat.java-1.30.0-win32-x64\jre\17.0.10-win32-x86_64\bin\sunmscapi.dll
0x00007ff9af8f0000 - 0x00007ff9afa57000 	C:\WINDOWS\System32\CRYPT32.dll
0x00007ff9af2b0000 - 0x00007ff9af2de000 	C:\WINDOWS\SYSTEM32\ncrypt.dll
0x00007ff9af270000 - 0x00007ff9af2a7000 	C:\WINDOWS\SYSTEM32\NTASN1.dll
0x00007ff9a81b0000 - 0x00007ff9a81ba000 	C:\Windows\System32\rasadhlp.dll
0x00007ff9438e0000 - 0x00007ff9438f7000 	C:\WINDOWS\system32\napinsp.dll
0x00007ff9438c0000 - 0x00007ff9438db000 	C:\WINDOWS\system32\pnrpnsp.dll
0x00007ff943810000 - 0x00007ff943821000 	C:\WINDOWS\System32\winrnr.dll
0x00007ff981e80000 - 0x00007ff981e95000 	C:\WINDOWS\system32\wshbth.dll
0x00007ff95bec0000 - 0x00007ff95bee1000 	C:\WINDOWS\system32\nlansp_c.dll
0x00007ff9a76b0000 - 0x00007ff9a7733000 	C:\WINDOWS\System32\fwpuclnt.dll
0x00007ff995e50000 - 0x00007ff995e59000 	C:\Users\MISA\.vscode\extensions\redhat.java-1.30.0-win32-x64\jre\17.0.10-win32-x86_64\bin\extnet.dll
0x00007ff98f490000 - 0x00007ff98f497000 	C:\Users\MISA\.vscode\extensions\redhat.java-1.30.0-win32-x64\jre\17.0.10-win32-x86_64\bin\rmi.dll

dbghelp: loaded successfully - version: 4.0.5 - missing functions: none
symbol engine: initialized successfully - sym options: 0x614 - pdb path: .;c:\Users\MISA\.vscode\extensions\redhat.java-1.30.0-win32-x64\jre\17.0.10-win32-x86_64\bin;C:\WINDOWS\SYSTEM32;C:\WINDOWS\WinSxS\amd64_microsoft.windows.common-controls_6595b64144ccf1df_6.0.22621.3235_none_270f74e173860f98;c:\Users\MISA\.vscode\extensions\redhat.java-1.30.0-win32-x64\jre\17.0.10-win32-x86_64\bin\server

VM Arguments:
jvm_args: -Xmx1024m -Dsts.lsp.client=vscode -Dsts.log.file=/dev/null -XX:TieredStopAtLevel=1 -Xlog:jni+resolve=off -Dspring.config.location=file:c:\Users\MISA\.vscode\extensions\vmware.vscode-spring-boot-1.54.0\language-server\BOOT-INF\classes\application.properties 
java_command: org.springframework.ide.vscode.boot.app.BootLanguageServerBootApp
java_class_path (initial): c:\Users\MISA\.vscode\extensions\vmware.vscode-spring-boot-1.54.0\language-server\BOOT-INF\classes;c:\Users\MISA\.vscode\extensions\vmware.vscode-spring-boot-1.54.0\language-server\BOOT-INF\lib\annotations-24.1.0.jar;c:\Users\MISA\.vscode\extensions\vmware.vscode-spring-boot-1.54.0\language-server\BOOT-INF\lib\antlr4-runtime-4.13.1.jar;c:\Users\MISA\.vscode\extensions\vmware.vscode-spring-boot-1.54.0\language-server\BOOT-INF\lib\asm-9.7.jar;c:\Users\MISA\.vscode\extensions\vmware.vscode-spring-boot-1.54.0\language-server\BOOT-INF\lib\asm-analysis-9.7.jar;c:\Users\MISA\.vscode\extensions\vmware.vscode-spring-boot-1.54.0\language-server\BOOT-INF\lib\asm-tree-9.7.jar;c:\Users\MISA\.vscode\extensions\vmware.vscode-spring-boot-1.54.0\language-server\BOOT-INF\lib\asm-util-9.7.jar;c:\Users\MISA\.vscode\extensions\vmware.vscode-spring-boot-1.54.0\language-server\BOOT-INF\lib\caffeine-3.1.8.jar;c:\Users\MISA\.vscode\extensions\vmware.vscode-spring-boot-1.54.0\language-server\BOOT-INF\lib\checker-qual-3.12.0.jar;c:\Users\MISA\.vscode\extensions\vmware.vscode-spring-boot-1.54.0\language-server\BOOT-INF\lib\classgraph-4.8.149.jar;c:\Users\MISA\.vscode\extensions\vmware.vscode-spring-boot-1.54.0\language-server\BOOT-INF\lib\commons-codec-1.16.1.jar;c:\Users\MISA\.vscode\extensions\vmware.vscode-spring-boot-1.54.0\language-server\BOOT-INF\lib\commons-compress-1.26.1.jar;c:\Users\MISA\.vscode\extensions\vmware.vscode-spring-boot-1.54.0\language-server\BOOT-INF\lib\commons-io-2.4.jar;c:\Users\MISA\.vscode\extensions\vmware.vscode-spring-boot-1.54.0\language-server\BOOT-INF\lib\commons-java-1.54.0-SNAPSHOT.jar;c:\Users\MISA\.vscode\extensions\vmware.vscode-spring-boot-1.54.0\language-server\BOOT-INF\lib\commons-lang3-3.13.0.jar;c:\Users\MISA\.vscode\extensions\vmware.vscode-spring-boot-1.54.0\language-server\BOOT-INF\lib\commons-language-server-1.54.0-SNAPSHOT.jar;c:\Users\MISA\.vscode\extensions\vmware.vscode-spring-boot-1.54.0\language-server\BOOT-INF\
Launcher Type: SUN_STANDARD

[Global flags]
     intx CICompilerCount                          = 4                                         {product} {ergonomic}
     uint ConcGCThreads                            = 2                                         {product} {ergonomic}
     uint G1ConcRefinementThreads                  = 8                                         {product} {ergonomic}
   size_t G1HeapRegionSize                         = 1048576                                   {product} {ergonomic}
    uintx GCDrainStackTargetSize                   = 64                                        {product} {ergonomic}
   size_t InitialHeapSize                          = 532676608                                 {product} {ergonomic}
   size_t MarkStackSize                            = 4194304                                   {product} {ergonomic}
   size_t MaxHeapSize                              = 1073741824                                {product} {command line}
   size_t MaxNewSize                               = 643825664                                 {product} {ergonomic}
   size_t MinHeapDeltaBytes                        = 1048576                                   {product} {ergonomic}
   size_t MinHeapSize                              = 8388608                                   {product} {ergonomic}
    uintx NonProfiledCodeHeapSize                  = 0                                      {pd product} {ergonomic}
     bool ProfileInterpreter                       = false                                  {pd product} {command line}
    uintx ProfiledCodeHeapSize                     = 0                                      {pd product} {ergonomic}
   size_t SoftMaxHeapSize                          = 1073741824                             {manageable} {ergonomic}
     intx TieredStopAtLevel                        = 1                                         {product} {command line}
     bool UseCompressedClassPointers               = true                           {product lp64_product} {ergonomic}
     bool UseCompressedOops                        = true                           {product lp64_product} {ergonomic}
     bool UseG1GC                                  = true                                      {product} {ergonomic}
     bool UseLargePagesIndividualAllocation        = false                                  {pd product} {ergonomic}

Logging:
Log output configuration:
 #0: stdout all=warning,jni+resolve=off uptime,level,tags
 #1: stderr all=off uptime,level,tags

Environment Variables:
JAVA_HOME=C:\Program Files\Java\jdk-19
PATH=C:\Program Files\Common Files\Oracle\Java\javapath;C:\WINDOWS\system32;C:\WINDOWS;C:\WINDOWS\System32\Wbem;C:\WINDOWS\System32\WindowsPowerShell\v1.0\;C:\WINDOWS\System32\OpenSSH\;C:\Program Files\dotnet\;C:\Program Files\Git\cmd;C:\Users\MISA\Desktop\Workspace\S5\Spring boot\apache-maven-3.9.5\bin;C:\Installed\nodejs\;C:\Program Files\Calibre2\;C:\Installed\Scripts\;C:\Installed\;C:\Users\MISA\AppData\Local\Microsoft\WindowsApps;C:\Users\MISA\.dotnet\tools;C:\Users\MISA\AppData\Local\Programs\Microsoft VS Code\bin;C:\Users\MISA\AppData\Roaming\npm;
USERNAME=MISA
OS=Windows_NT
PROCESSOR_IDENTIFIER=Intel64 Family 6 Model 140 Stepping 1, GenuineIntel
TMP=C:\Users\MISA\AppData\Local\Temp
TEMP=C:\Users\MISA\AppData\Local\Temp



Periodic native trim disabled


---------------  S Y S T E M  ---------------

OS:
 Windows 11 , 64 bit Build 22621 (10.0.22621.3374)
OS uptime: 1 days 2:52 hours

CPU: total 8 (initial active 8) (4 cores per cpu, 2 threads per core) family 6 model 140 stepping 1 microcode 0x86, cx8, cmov, fxsr, ht, mmx, 3dnowpref, sse, sse2, sse3, ssse3, sse4.1, sse4.2, popcnt, lzcnt, tsc, tscinvbit, avx, avx2, aes, erms, clmul, bmi1, bmi2, adx, avx512f, avx512dq, avx512cd, avx512bw, avx512vl, sha, fma, vzeroupper, avx512_vpopcntdq, avx512_vpclmulqdq, avx512_vaes, avx512_vnni, clflush, clflushopt, clwb, avx512_vbmi2, avx512_vbmi
Processor Information for all 8 processors :
  Max Mhz: 2995, Current Mhz: 2995, Mhz Limit: 2995

Memory: 4k page, system-wide physical 32467M (17935M free)
TotalPageFile size 37331M (AvailPageFile size 22491M)
current process WorkingSet (physical memory assigned to process): 261M, peak: 279M
current process commit charge ("private bytes"): 292M, peak: 630M

vm_info: OpenJDK 64-Bit Server VM (17.0.10+7) for windows-amd64 JRE (17.0.10+7), built on Jan 16 2024 23:25:11 by "admin" with MS VC++ 16.10 / 16.11 (VS2019)

END.
